<?xml version="1.0" encoding="UTF-8"?>
<!-- Generated by org.testng.reporters.JUnitXMLReporter -->
<testsuite ignored="0" hostname="LAPTOP-LEC46EMO" failures="0" tests="5" name="Test" time="29.88" errors="0" timestamp="2025-03-26T21:44:19 IST">
  <testcase classname="com.practice.DataProviderExcel" name="search" time="9.76"/>
  <testcase classname="com.practice.DataProviderExcel" name="search" time="9.783"/>
  <testcase classname="com.practice.DataProviderExcel" name="search" time="7.32"/>
  <testcase classname="com.practice.DataProviderExcel" name="search" time="11.903"/>
  <testcase classname="com.practice.DataProviderExcel" name="search" time="6.98"/>
</testsuite> <!-- Test -->
