<?xml version="1.0" encoding="UTF-8"?>
<!-- Generated by org.testng.reporters.JUnitXMLReporter -->
<testsuite ignored="0" hostname="LAPTOP-LEC46EMO" failures="0" tests="5" name="Test" time="27.615" errors="0" timestamp="2025-03-26T05:27:52 IST">
  <testcase classname="com.practice.DataProviderExcel" name="search" time="7.959"/>
  <testcase classname="com.practice.DataProviderExcel" name="search" time="8.789"/>
  <testcase classname="com.practice.DataProviderExcel" name="search" time="10.965"/>
  <testcase classname="com.practice.DataProviderExcel" name="search" time="9.028"/>
  <testcase classname="com.practice.DataProviderExcel" name="search" time="3.557"/>
</testsuite> <!-- Test -->
